Escuchando en el puerto: 3018
[User] is connecting...
[User] is connecting...
[User] has disconnected...
[User] has disconnected...
[User] is connecting...
[User] has disconnected...
[User] is connecting...
[User] is connecting...
[User] has disconnected...
[User] has disconnected...
[s] is connecting...
[s] has disconnected...
[sdf] is connecting...
[sdf] has disconnected...
[sdf] is connecting...
[sdf] has disconnected...
[sdf] is connecting...
[sdf] has disconnected...
[sdf] is connecting...
[sdf] has disconnected...
[g] is connecting...
[g] has disconnected...
[dfs] is connecting...
[dfs] has disconnected...
[stest] is connecting...
[tes] is connecting...
[tes] has disconnected...
[sdf] is connecting...
[stest] has disconnected...
[sdf] is connecting...
[sdf] has disconnected...
[sdg] is connecting...
[sdg] has disconnected...
[sdf] is connecting...
[sdf] has disconnected...
[sdf] is connecting...
[sdf] has disconnected...
[fhjgh] is connecting...
[fhjgh] has disconnected...
[sdf] has disconnected...
[test] is connecting...
[test] has disconnected...
